This is pdfTeX, Version 3.14159265-2.6-1.40.17 (TeX Live 2016/Debian) (preloaded format=pdflatex 2019.2.20)  21 FEB 2019 23:19
entering extended mode
 restricted \write18 enabled.
 %&-line parsing enabled.
**ence1-introducao.tex
(./ence1-introducao.tex
LaTeX2e <2017/01/01> patch level 3
Babel <3.9r> and hyphenation patterns for 6 language(s) loaded.
! Undefined control sequence.
l.2 \chapter
            [INTRODUÇÃO]{INTRODUÇÃO}   % O ALUNO DEVE EDITAR AQUI
? x
 
Here is how much of TeX's memory you used:
 5 strings out of 494902
 170 string characters out of 6179203
 45927 words of memory out of 5000000
 3413 multiletter control sequences out of 15000+600000
 3640 words of font info for 14 fonts, out of 8000000 for 9000
 16 hyphenation exceptions out of 8191
 5i,0n,1p,98b,8s stack positions out of 5000i,500n,10000p,200000b,80000s
No pages of output.
PDF statistics:
 0 PDF objects out of 1000 (max. 8388607)
 0 named destinations out of 1000 (max. 500000)
 1 words of extra memory for PDF output out of 10000 (max. 10000000)

